[0521/105019.154:ERROR:ssl_client_socket_impl.cc(947)] handshake failed; returned -1, SSL error code 1, net_error -100
[0521/105128.135:ERROR:gpu_init.cc(426)] Passthrough is not supported, GL is disabled
[0521/105605.998:WARNING:dns_config_service_win.cc(712)] Failed to read DnsConfig.
[0521/105606.003:WARNING:dns_config_service_win.cc(712)] Failed to read DnsConfig.
[0521/105709.735:ERROR:ssl_client_socket_impl.cc(947)] handshake failed; returned -1, SSL error code 1, net_error -202
[0521/105724.673:WARNING:spdy_session.cc(3431)] Received HEADERS for invalid stream 5
[0521/105724.769:WARNING:spdy_session.cc(3431)] Received HEADERS for invalid stream 3
[0521/105725.851:WARNING:spdy_session.cc(3431)] Received HEADERS for invalid stream 11
[0521/105725.852:WARNING:spdy_session.cc(3431)] Received HEADERS for invalid stream 9
[0521/105725.897:WARNING:spdy_session.cc(3431)] Received HEADERS for invalid stream 13
[0521/105725.984:WARNING:spdy_session.cc(3431)] Received HEADERS for invalid stream 5
[0521/105726.110:WARNING:spdy_session.cc(3431)] Received HEADERS for invalid stream 7
[0521/105726.659:WARNING:spdy_session.cc(3431)] Received HEADERS for invalid stream 3
[0521/105726.659:WARNING:spdy_session.cc(3431)] Received HEADERS for invalid stream 7
[0521/105845.474:ERROR:gles2_command_buffer_stub.cc(364)] ContextResult::kFatalFailure: Failed to map shared state buffer.
[0521/105846.744:WARNING:spdy_session.cc(3431)] Received HEADERS for invalid stream 13
[0521/105847.879:WARNING:spdy_session.cc(3431)] Received HEADERS for invalid stream 15
[0521/105848.423:WARNING:spdy_session.cc(3431)] Received HEADERS for invalid stream 7
[0521/105850.376:WARNING:spdy_session.cc(3431)] Received HEADERS for invalid stream 9
[0521/105850.924:WARNING:spdy_session.cc(3431)] Received HEADERS for invalid stream 11
[0521/105851.060:WARNING:spdy_session.cc(3431)] Received HEADERS for invalid stream 5
